0 info it worked if it ends with ok
1 verbose cli [ '/usr/bin/node', '/usr/bin/npm', 'run', 'deploy' ]
2 info using npm@3.5.2
3 info using node@v8.10.0
4 verbose run-script [ 'predeploy', 'deploy', 'postdeploy' ]
5 info lifecycle blog@0.1.0~predeploy: blog@0.1.0
6 silly lifecycle blog@0.1.0~predeploy: no script for predeploy, continuing
7 info lifecycle blog@0.1.0~deploy: blog@0.1.0
8 verbose lifecycle blog@0.1.0~deploy: unsafe-perm in lifecycle true
9 verbose lifecycle blog@0.1.0~deploy: PATH: /usr/share/npm/bin/node-gyp-bin:/home/jamesbudi/Documents/blog/node_modules/.bin:/usr/local/sbin:/usr/local/bin:/usr/sbin:/usr/bin:/sbin:/bin:/snap/bin
10 verbose lifecycle blog@0.1.0~deploy: CWD: /home/jamesbudi/Documents/blog
11 silly lifecycle blog@0.1.0~deploy: Args: [ '-c', 'npm run build&&gh-pages -d build' ]
12 silly lifecycle blog@0.1.0~deploy: Returned: code: 1  signal: null
13 info lifecycle blog@0.1.0~deploy: Failed to exec deploy script
14 verbose stack Error: blog@0.1.0 deploy: `npm run build&&gh-pages -d build`
14 verbose stack Exit status 1
14 verbose stack     at EventEmitter.<anonymous> (/usr/share/npm/lib/utils/lifecycle.js:232:16)
14 verbose stack     at emitTwo (events.js:126:13)
14 verbose stack     at EventEmitter.emit (events.js:214:7)
14 verbose stack     at ChildProcess.<anonymous> (/usr/share/npm/lib/utils/spawn.js:24:14)
14 verbose stack     at emitTwo (events.js:126:13)
14 verbose stack     at ChildProcess.emit (events.js:214:7)
14 verbose stack     at maybeClose (internal/child_process.js:925:16)
14 verbose stack     at Process.ChildProcess._handle.onexit (internal/child_process.js:209:5)
15 verbose pkgid blog@0.1.0
16 verbose cwd /home/jamesbudi/Documents/blog
17 error Linux 4.15.0-29-generic
18 error argv "/usr/bin/node" "/usr/bin/npm" "run" "deploy"
19 error node v8.10.0
20 error npm  v3.5.2
21 error code ELIFECYCLE
22 error blog@0.1.0 deploy: `npm run build&&gh-pages -d build`
22 error Exit status 1
23 error Failed at the blog@0.1.0 deploy script 'npm run build&&gh-pages -d build'.
23 error Make sure you have the latest version of node.js and npm installed.
23 error If you do, this is most likely a problem with the blog package,
23 error not with npm itself.
23 error Tell the author that this fails on your system:
23 error     npm run build&&gh-pages -d build
23 error You can get information on how to open an issue for this project with:
23 error     npm bugs blog
23 error Or if that isn't available, you can get their info via:
23 error     npm owner ls blog
23 error There is likely additional logging output above.
24 verbose exit [ 1, true ]
